src/monitoring/telemetry.ts(254,37): error TS2345: Argument of type 'Record<string, unknown>' is not assignable to parameter of type 'Attributes'.
  'string' index signatures are incompatible.
    Type 'unknown' is not assignable to type 'AttributeValue | undefined'.
src/server.ts(204,57): error TS2769: No overload matches this call.
  Overload 1 of 3, '(obj: "Error fetching sessions:", msg?: undefined): void', gave the following error.
    Argument of type 'unknown' is not assignable to parameter of type 'undefined'.
  Overload 2 of 3, '(obj: "Error fetching sessions:", msg?: undefined, ...args: unknown[]): void', gave the following error.
    Argument of type 'unknown' is not assignable to parameter of type 'undefined'.
src/server.ts(216,56): error TS2769: No overload matches this call.
  Overload 1 of 3, '(obj: "Error creating session:", msg?: undefined): void', gave the following error.
    Argument of type 'unknown' is not assignable to parameter of type 'undefined'.
  Overload 2 of 3, '(obj: "Error creating session:", msg?: undefined, ...args: unknown[]): void', gave the following error.
    Argument of type 'unknown' is not assignable to parameter of type 'undefined'.
src/server.ts(987,14): error TS2339: Property 'then' does not exist on type '{ name: ProviderName; enabled: boolean; authenticated: boolean; models: string[]; allAvailableModels: string[]; selectedModels: string[]; hideModelSelector: boolean; authMode: ProviderAuthMode; ... 4 more ...; error?: string | undefined; }[]'.
src/server.ts(987,20): error TS7006: Parameter 'initialStatus' implicitly has an 'any' type.
src/server.ts(994,21): error TS7006: Parameter 'err' implicitly has an 'any' type.
